<?xml version="1.0" encoding="UTF-8" ?>
<testsuite failures="0" time="30.985" errors="0" skipped="0" tests="5" name="com.anna.prefixmatches.MyTrieTest">
  <properties>
[...]
</properties>
  <testcase time="21.047" classname="com.anna.prefixmatches.MyTrieTest" name="testWordsWithPrefix"/>
  <testcase time="2.422" classname="com.anna.prefixmatches.MyTrieTest" name="testSize"/>
  <testcase time="2.281" classname="com.anna.prefixmatches.MyTrieTest" name="testWords"/>
  <testcase time="2.531" classname="com.anna.prefixmatches.MyTrieTest" name="testDelete"/>
  <testcase time="2.625" classname="com.anna.prefixmatches.MyTrieTest" name="testAdd"/>
</testsuite>